startup failed:
/home/cost-app-3-2-2022/cost-app/src/main/groovy/com/morpheusdata/reports/CustomReportProvider.groovy: 101: unexpected token:  ,REPLACE(mtag.name,  @ line 101, column 125.
   CONCAT( 'MAX(IF(mtag.name = '"' ,REPLACE
                                 ^

1 error


FAILURE: Build failed with an exception.

* What went wrong:
Execution failed for task ':compileGroovy'.
> Compilation failed; see the compiler error output for details.

* Try:
Run with --stacktrace option to get the stack trace. Run with --info or --debug option to get more log output. Run with --scan to get full insights.

* Get more help at https://help.gradle.org

BUILD FAILED in 4s
